addr  opcode         p1    p2    p3    p4             p5  comment      
----  -------------  ----  ----  ----  -------------  --  -------------
0     Init           0     27    0                    00  Start at 27  
1     ReadCookie     0     3     2                    00               
2     If             3     5     0                    00               
3     SetCookie      0     2     4                    00               
4     SetCookie      0     5     1                    00               
5     CreateBtree    0     2     1                    00  r[2]=root iDb=0 flags=1
6     OpenWrite      0     1     0     5              00  root=1 iDb=0 
7     NewRowid       0     1     0                    00  r[1]=rowid   
8     Blob           6     3     0                   00  r[3]= (len=6)
9     Insert         0     3     1                    08  intkey=r[1] data=r[3]
10    Close          0     0     0                    00               
11    Close          0     0     0                    00               
12    Null           0     4     5                    00  r[4..5]=NULL 
13    OpenWrite      1     1     0     5              00  root=1 iDb=0; sqlite_master
14    SeekRowid      1     16    1                    00  intkey=r[1]  
15    Rowid          1     5     0                    00  r[5]=rowid   
16    IsNull         5     24    0                    00  if r[5]==NULL goto 24
17    String8        0     6     0     table          00  r[6]='table' 
18    String8        0     7     0     account        00  r[7]='account'
19    String8        0     8     0     account        00  r[8]='account'
20    Copy           2     9     0                    00  r[9]=r[2]    
21    String8        0     10    0     CREATE TABLE account (
    user_id INTEGER,
    username TEXT NOT NULL,
    email TEXT NOT NULL
)  00  r[10]='CREATE TABLE account (
    user_id INTEGER,
    username TEXT NOT NULL,
    email TEXT NOT NULL
)'
22    MakeRecord     6     5     11    BBBDB          00  r[11]=mkrec(r[6..10])
23    Insert         1     11    5                    00  intkey=r[5] data=r[11]
24    SetCookie      0     1     1                    00               
25    ParseSchema    0     0     0     tbl_name='account' AND type!='trigger'  00               
26    Halt           0     0     0                    00               
27    Transaction    0     1     0     0              01  usesStmtJournal=0
28    Goto           0     1     0                    00               
